{
  "0 debug pnpm:scope": {
    "selected": 1
  },
  "1 error pnpm": {
    "errno": 1,
    "code": "ELIFECYCLE",
    "pkgid": "interview@1.0.0",
    "stage": "test",
    "script": "echo \"Error: no test specified\" && exit 1",
    "pkgname": "interview",
    "err": {
      "name": "pnpm",
      "message": "interview@1.0.0 test: `echo \"Error: no test specified\" && exit 1`\nExit status 1",
      "code": "ELIFECYCLE",
      "stack": "pnpm: interview@1.0.0 test: `echo \"Error: no test specified\" && exit 1`\nExit status 1\n    at EventEmitter.<anonymous> (/Users/tangji/Library/pnpm-global/5/node_modules/.pnpm/pnpm@7.3.0/node_modules/pnpm/dist/pnpm.cjs:108415:20)\n    at EventEmitter.emit (node:events:537:28)\n    at ChildProcess.<anonymous> (/Users/tangji/Library/pnpm-global/5/node_modules/.pnpm/pnpm@7.3.0/node_modules/pnpm/dist/pnpm.cjs:94981:18)\n    at ChildProcess.emit (node:events:537:28)\n    at maybeClose (node:internal/child_process:1091:16)\n    at ChildProcess._handle.onexit (node:internal/child_process:302:5)"
    }
  },
  "2 warn pnpm:global": " Local package.json exists, but node_modules missing, did you mean to install?"
}